Using pre-set license
Built from '2020.2/staging' branch; Version is '2020.2.7f1 (c53830e277f1) revision 12924976'; Using compiler version '192528614'; Build Type 'Release'
OS: 'Windows 10 Home; OS build 18363.1379; Version 1909; 64bit' Language: 'en' Physical Memory: 32677 MB
BatchMode: 1, IsHumanControllingUs: 0, StartBugReporterOnCrash: 0, Is64bit: 1, IsPro: 0

 COMMAND LINE ARGUMENTS:
C:\Program Files\Unity\Hub\Editor\2020.2.7f1\Editor\Unity.exe
-adb2
-batchMode
-noUpm
-name
AssetImportWorker0
-projectPath
C:/Users/Adam/Documents/GitHub/CS316-2nd-SpritesAndTilemaps/CS316
-logFile
Logs/AssetImportWorker0.log
-srvPort
52068
Successfully changed project path to: C:/Users/Adam/Documents/GitHub/CS316-2nd-SpritesAndTilemaps/CS316
C:/Users/Adam/Documents/GitHub/CS316-2nd-SpritesAndTilemaps/CS316
Using Asset Import Pipeline V2.
Refreshing native plugins compatible for Editor in 35.16 ms, found 1 plugins.
Preloading 0 native plugins for Editor in 0.00 ms.
Initialize engine version: 2020.2.7f1 (c53830e277f1)
[Subsystems] Discovering subsystems at path C:/Program Files/Unity/Hub/Editor/2020.2.7f1/Editor/Data/Resources/UnitySubsystems
[Subsystems] Discovering subsystems at path C:/Users/Adam/Documents/GitHub/CS316-2nd-SpritesAndTilemaps/CS316/Assets
GfxDevice: creating device client; threaded=0
Direct3D:
    Version:  Direct3D 11.0 [level 11.1]
    Renderer: NVIDIA GeForce GTX 970 (ID=0x13c2)
    Vendor:   
    VRAM:     4043 MB
    Driver:   27.21.14.5671
Initialize mono
Mono path[0] = 'C:/Program Files/Unity/Hub/Editor/2020.2.7f1/Editor/Data/Managed'
Mono path[1] = 'C:/Program Files/Unity/Hub/Editor/2020.2.7f1/Editor/Data/MonoBleedingEdge/lib/mono/unityjit'
Mono config path = 'C:/Program Files/Unity/Hub/Editor/2020.2.7f1/Editor/Data/MonoBleedingEdge/etc'
Using monoOptions --debugger-agent=transport=dt_socket,embedding=1,server=y,suspend=n,address=127.0.0.1:56996
Begin MonoManager ReloadAssembly
Registering precompiled unity dll's ...
Register platform support module: C:/Program Files/Unity/Hub/Editor/2020.2.7f1/Editor/Data/PlaybackEngines/WebGLSupport/UnityEditor.WebGL.Extensions.dll
Register platform support module: C:/Program Files/Unity/Hub/Editor/2020.2.7f1/Editor/Data/PlaybackEngines/MacStandaloneSupport/UnityEditor.OSXStandalone.Extensions.dll
Register platform support module: C:/Program Files/Unity/Hub/Editor/2020.2.7f1/Editor/Data/PlaybackEngines/WindowsStandaloneSupport/UnityEditor.WindowsStandalone.Extensions.dll
Register platform support module: C:/Program Files/Unity/Hub/Editor/2020.2.7f1/Editor/Data/PlaybackEngines/LinuxStandaloneSupport/UnityEditor.LinuxStandalone.Extensions.dll
Registered in 0.002440 seconds.
Native extension for LinuxStandalone target not found
Native extension for WindowsStandalone target not found
Native extension for OSXStandalone target not found
Native extension for WebGL target not found
Refreshing native plugins compatible for Editor in 34.90 ms, found 1 plugins.
Preloading 0 native plugins for Editor in 0.00 ms.
Invoked RoslynAnalysisRunner static constructor.
RoslynAnalysisRunner will not be running.
RoslynAnalysisRunner has terminated.
Mono: successfully reloaded assembly
- Completed reload, in  1.716 seconds
Platform modules already initialized, skipping
Registering precompiled user dll's ...
Registered in 0.000798 seconds.
Begin MonoManager ReloadAssembly
Native extension for LinuxStandalone target not found
Native extension for WindowsStandalone target not found
Native extension for OSXStandalone target not found
Native extension for WebGL target not found
Refreshing native plugins compatible for Editor in 35.55 ms, found 1 plugins.
Preloading 0 native plugins for Editor in 0.00 ms.
Invoked RoslynAnalysisRunner static constructor.
RoslynAnalysisRunner will not be running.
RoslynAnalysisRunner has terminated.
Mono: successfully reloaded assembly
- Completed reload, in  0.872 seconds
Platform modules already initialized, skipping
========================================================================
Worker process is ready to serve import requests
Launched and connected shader compiler UnityShaderCompiler.exe after 0.04 seconds
Refreshing native plugins compatible for Editor in 0.33 ms, found 1 plugins.
Preloading 0 native plugins for Editor in 0.00 ms.
Unloading 1814 Unused Serialized files (Serialized files now loaded: 0)
System memory in use before: 84.8 MB.
System memory in use after: 84.7 MB.

Unloading 24 unused Assets to reduce memory usage. Loaded Objects now: 2257.
Total: 1.908300 ms (FindLiveObjects: 0.170100 ms CreateObjectMapping: 0.077700 ms MarkObjects: 1.549400 ms  DeleteObjects: 0.110100 ms)

========================================================================
Received Import Request.
  path: Assets/Animation/KnightIdle.anim
  artifactKey: Guid(456c118f94990554c99f053546363da0) Importer(815301076,1909f56bfc062723c751e8b465ee728b)
Start importing Assets/Animation/KnightIdle.anim using Guid(456c118f94990554c99f053546363da0) Importer(815301076,1909f56bfc062723c751e8b465ee728b)  -> (artifact id: '97b27baf8642e58a7c50b25bbbb0d5ad') in 0.027634 seconds
  Import took 0.030443 seconds .

========================================================================
Received Import Request.
  Time since last request: 3.303036 seconds.
  path: Assets/Animation/KnigktAnimation.anim
  artifactKey: Guid(92b7df0a7e2887f4988704dfeb0399ce) Importer(815301076,1909f56bfc062723c751e8b465ee728b)
Start importing Assets/Animation/KnigktAnimation.anim using Guid(92b7df0a7e2887f4988704dfeb0399ce) Importer(815301076,1909f56bfc062723c751e8b465ee728b)  -> (artifact id: '54d270b55b4a897d6362f059996a2095') in 0.005921 seconds
  Import took 0.008584 seconds .

========================================================================
Received Prepare
Registering precompiled user dll's ...
Registered in 0.000874 seconds.
Begin MonoManager ReloadAssembly
Native extension for LinuxStandalone target not found
Native extension for WindowsStandalone target not found
Native extension for OSXStandalone target not found
Native extension for WebGL target not found
Refreshing native plugins compatible for Editor in 0.34 ms, found 1 plugins.
Preloading 0 native plugins for Editor in 0.00 ms.
Invoked RoslynAnalysisRunner static constructor.
RoslynAnalysisRunner will not be running.
RoslynAnalysisRunner has terminated.
Mono: successfully reloaded assembly
- Completed reload, in  0.781 seconds
Platform modules already initialized, skipping
Refreshing native plugins compatible for Editor in 0.34 ms, found 1 plugins.
Preloading 0 native plugins for Editor in 0.00 ms.
Unloading 1809 Unused Serialized files (Serialized files now loaded: 0)
System memory in use before: 84.8 MB.
System memory in use after: 84.8 MB.

Unloading 12 unused Assets to reduce memory usage. Loaded Objects now: 2261.
Total: 1.801300 ms (FindLiveObjects: 0.155100 ms CreateObjectMapping: 0.060500 ms MarkObjects: 1.494300 ms  DeleteObjects: 0.090600 ms)

========================================================================
Received Import Request.
  Time since last request: 1369.544996 seconds.
  path: Assets/Animation
  artifactKey: Guid(46771868e24f5eb48b21dae9dd46d2d6) Importer(815301076,1909f56bfc062723c751e8b465ee728b)
Start importing Assets/Animation using Guid(46771868e24f5eb48b21dae9dd46d2d6) Importer(815301076,1909f56bfc062723c751e8b465ee728b)  -> (artifact id: '7172209c98b44ec1eda7a75bc574a764') in 0.024377 seconds
  Import took 0.027639 seconds .

========================================================================
Received Prepare
Registering precompiled user dll's ...
Registered in 0.000847 seconds.
Begin MonoManager ReloadAssembly
Native extension for LinuxStandalone target not found
Native extension for WindowsStandalone target not found
Native extension for OSXStandalone target not found
Native extension for WebGL target not found
Refreshing native plugins compatible for Editor in 0.29 ms, found 1 plugins.
Preloading 0 native plugins for Editor in 0.00 ms.
Invoked RoslynAnalysisRunner static constructor.
RoslynAnalysisRunner will not be running.
RoslynAnalysisRunner has terminated.
Mono: successfully reloaded assembly
- Completed reload, in  0.734 seconds
Platform modules already initialized, skipping
Refreshing native plugins compatible for Editor in 0.33 ms, found 1 plugins.
Preloading 0 native plugins for Editor in 0.00 ms.
Unloading 1809 Unused Serialized files (Serialized files now loaded: 0)
System memory in use before: 84.8 MB.
System memory in use after: 84.8 MB.

Unloading 12 unused Assets to reduce memory usage. Loaded Objects now: 2265.
Total: 1.866600 ms (FindLiveObjects: 0.192500 ms CreateObjectMapping: 0.075900 ms MarkObjects: 1.497700 ms  DeleteObjects: 0.099600 ms)

========================================================================
Received Import Request.
  Time since last request: 12.915758 seconds.
  path: Assets/Animation/New Animation.anim
  artifactKey: Guid(d5ea800bbf7135943bc0015070786936) Importer(815301076,1909f56bfc062723c751e8b465ee728b)
Start importing Assets/Animation/New Animation.anim using Guid(d5ea800bbf7135943bc0015070786936) Importer(815301076,1909f56bfc062723c751e8b465ee728b)  -> (artifact id: '6700dc11ba53d87d5835a4902d0af27b') in 0.014894 seconds
  Import took 0.017502 seconds .

========================================================================
Received Import Request.
  Time since last request: 813.455066 seconds.
  path: Assets/Animation/KnightMan_0.controller
  artifactKey: Guid(dc390720d974b3648aebfe3af231bdbf) Importer(815301076,1909f56bfc062723c751e8b465ee728b)
Start importing Assets/Animation/KnightMan_0.controller using Guid(dc390720d974b3648aebfe3af231bdbf) Importer(815301076,1909f56bfc062723c751e8b465ee728b)  -> (artifact id: '77df9e38af6772c7ba4c8776357f3db6') in 0.010649 seconds
  Import took 0.014196 seconds .

========================================================================
Received Import Request.
  Time since last request: 12909.152685 seconds.
  path: Assets/Animation/KnightMan_0.controller
  artifactKey: Guid(dc390720d974b3648aebfe3af231bdbf) Importer(815301076,1909f56bfc062723c751e8b465ee728b)
Start importing Assets/Animation/KnightMan_0.controller using Guid(dc390720d974b3648aebfe3af231bdbf) Importer(815301076,1909f56bfc062723c751e8b465ee728b)  -> (artifact id: '1837dce9ccb9255f3b3239f1aa892693') in 0.008234 seconds
  Import took 0.011642 seconds .

AssetImportWorkerClient::OnTransportError - code=2 error=End of file
